<?xml version="1.0" encoding="UTF-8"?>
<testng-results ignored="0" total="1" passed="1" failed="0" skipped="0">
  <reporter-output>
  </reporter-output>
  <suite started-at="2026-06-27T18:48:24 IST" name="Default suite" finished-at="2026-06-27T18:48:40 IST" duration-ms="15653">
    <groups>
    </groups>
    <test started-at="2026-06-27T18:48:24 IST" name="Default test" finished-at="2026-06-27T18:48:40 IST" duration-ms="15653">
      <class name="testCases.TC_04_ResetPassword">
        <test-method is-config="true" signature="setup()[pri:0, instance:testCases.TC_04_ResetPassword@28701274]" started-at="2026-06-27T18:48:24 IST" name="setup" finished-at="2026-06-27T18:48:37 IST" duration-ms="12337" status="PASS">
          <reporter-output>
          </reporter-output>
        </test-method> <!-- setup -->
        <test-method signature="resetPassword()[pri:0, instance:testCases.TC_04_ResetPassword@28701274]" started-at="2026-06-27T18:48:37 IST" name="resetPassword" finished-at="2026-06-27T18:48:40 IST" duration-ms="3226" status="PASS">
          <reporter-output>
          </reporter-output>
        </test-method> <!-- resetPassword -->
      </class> <!-- testCases.TC_04_ResetPassword -->
    </test> <!-- Default test -->
  </suite> <!-- Default suite -->
</testng-results>
