<?xml version="1.0" encoding="UTF-8"?>
<!-- Generated by org.testng.reporters.JUnitReportReporter -->
<testsuite hostname="LAPTOP-9J1UIJ8U" failures="0" tests="3" name="testCases.TC_02Logout" time="3.075" errors="0" timestamp="2026-06-27T17:40:25 IST" skipped="0">
  <testcase classname="testCases.TC_02Logout" name="logout" time="1.450"/>
  <testcase classname="testCases.TC_02Logout" name="login" time="0.604"/>
  <testcase classname="testCases.TC_02Logout" name="verifyURL" time="1.021"/>
</testsuite> <!-- testCases.TC_02Logout -->
